  [1m[35m (111.6ms)[0m  [1m[35mCREATE TABLE "schema_migrations" ("version" varchar NOT NULL PRIMARY KEY)[0m
  [1m[35m (72.9ms)[0m  [1m[35mCREATE TABLE "ar_internal_metadata" ("key" varchar NOT NULL PRIMARY KEY, "value" varchar, "created_at" datetime NOT NULL, "updated_at" datetime NOT NULL)[0m
  [1m[36mActiveRecord::InternalMetadata Load (0.3ms)[0m  [1m[34mSELECT  "ar_internal_metadata".* FROM "ar_internal_metadata" WHERE "ar_internal_metadata"."key" = ? LIMIT ?[0m  [["key", :environment], ["LIMIT", 1]]
  [1m[35m (0.1ms)[0m  [1m[36mbegin transaction[0m
  [1m[35mSQL (0.4ms)[0m  [1m[32mINSERT INTO "ar_internal_metadata" ("key", "value", "created_at", "updated_at") VALUES (?, ?, ?, ?)[0m  [["key", "environment"], ["value", "development"], ["created_at", 2017-03-25 22:53:29 UTC], ["updated_at", 2017-03-25 22:53:29 UTC]]
  [1m[35m (56.0ms)[0m  [1m[36mcommit transaction[0m
  [1m[36mActiveRecord::SchemaMigration Load (0.2ms)[0m  [1m[34mSELECT "schema_migrations".* FROM "schema_migrations"[0m
  [1m[36mActiveRecord::SchemaMigration Load (0.2ms)[0m  [1m[34mSELECT "schema_migrations".* FROM "schema_migrations"[0m
Migrating to CreateRestaurants (20170325225502)
  [1m[35m (0.1ms)[0m  [1m[36mbegin transaction[0m
  [1m[35m (1.4ms)[0m  [1m[35mCREATE TABLE "restaurants" ("id" INTEGER PRIMARY KEY AUTOINCREMENT NOT NULL, "name" varchar NOT NULL, "created_at" datetime NOT NULL, "updated_at" datetime NOT NULL)[0m
  [1m[35mSQL (0.4ms)[0m  [1m[32mINSERT INTO "schema_migrations" ("version") VALUES (?)[0m  [["version", "20170325225502"]]
  [1m[35m (78.6ms)[0m  [1m[36mcommit transaction[0m
  [1m[36mActiveRecord::InternalMetadata Load (0.3ms)[0m  [1m[34mSELECT  "ar_internal_metadata".* FROM "ar_internal_metadata" WHERE "ar_internal_metadata"."key" = ? LIMIT ?[0m  [["key", :environment], ["LIMIT", 1]]
  [1m[35m (0.1ms)[0m  [1m[36mbegin transaction[0m
  [1m[35m (0.1ms)[0m  [1m[36mcommit transaction[0m
  [1m[36mActiveRecord::SchemaMigration Load (0.2ms)[0m  [1m[34mSELECT "schema_migrations".* FROM "schema_migrations"[0m
  [1m[36mActiveRecord::SchemaMigration Load (0.3ms)[0m  [1m[34mSELECT "schema_migrations".* FROM "schema_migrations"[0m
Migrating to CreateUsers (20170325225641)
  [1m[35m (0.1ms)[0m  [1m[36mbegin transaction[0m
  [1m[35m (2.7ms)[0m  [1m[35mCREATE TABLE "users" ("id" INTEGER PRIMARY KEY AUTOINCREMENT NOT NULL, "name" varchar NOT NULL, "created_at" datetime NOT NULL, "updated_at" datetime NOT NULL)[0m
  [1m[35mSQL (1.0ms)[0m  [1m[32mINSERT INTO "schema_migrations" ("version") VALUES (?)[0m  [["version", "20170325225641"]]
  [1m[35m (84.9ms)[0m  [1m[36mcommit transaction[0m
  [1m[36mActiveRecord::InternalMetadata Load (0.3ms)[0m  [1m[34mSELECT  "ar_internal_metadata".* FROM "ar_internal_metadata" WHERE "ar_internal_metadata"."key" = ? LIMIT ?[0m  [["key", :environment], ["LIMIT", 1]]
  [1m[35m (0.1ms)[0m  [1m[36mbegin transaction[0m
  [1m[35m (0.2ms)[0m  [1m[36mcommit transaction[0m
  [1m[36mActiveRecord::SchemaMigration Load (0.2ms)[0m  [1m[34mSELECT "schema_migrations".* FROM "schema_migrations"[0m
  [1m[36mActiveRecord::SchemaMigration Load (0.3ms)[0m  [1m[34mSELECT "schema_migrations".* FROM "schema_migrations"[0m
Migrating to CreateTables (20170325225851)
  [1m[35m (0.1ms)[0m  [1m[36mbegin transaction[0m
  [1m[35m (1.8ms)[0m  [1m[35mCREATE TABLE "tables" ("id" INTEGER PRIMARY KEY AUTOINCREMENT NOT NULL, "name" varchar NOT NULL, "restaurant_id" integer, "created_at" datetime NOT NULL, "updated_at" datetime NOT NULL)[0m
  [1m[35m (0.2ms)[0m  [1m[34mselect sqlite_version(*)[0m
  [1m[35m (0.2ms)[0m  [1m[35mCREATE  INDEX "index_tables_on_restaurant_id" ON "tables" ("restaurant_id")[0m
  [1m[35mSQL (0.3ms)[0m  [1m[32mINSERT INTO "schema_migrations" ("version") VALUES (?)[0m  [["version", "20170325225851"]]
  [1m[35m (93.5ms)[0m  [1m[36mcommit transaction[0m
Migrating to CreateSchedules (20170325230548)
  [1m[35m (0.1ms)[0m  [1m[36mbegin transaction[0m
  [1m[35m (0.8ms)[0m  [1m[35mCREATE TABLE "schedules" ("id" INTEGER PRIMARY KEY AUTOINCREMENT NOT NULL, "restaurant_id" integer NOT NULL, "day" varchar NOT NULL, "time_from" varchar NOT NULL, "time_till" varchar NOT NULL, "created_at" datetime NOT NULL, "updated_at" datetime NOT NULL)[0m
  [1m[35m (0.3ms)[0m  [1m[35mCREATE  INDEX "index_schedules_on_restaurant_id" ON "schedules" ("restaurant_id")[0m
  [1m[35mSQL (0.3ms)[0m  [1m[32mINSERT INTO "schema_migrations" ("version") VALUES (?)[0m  [["version", "20170325230548"]]
  [1m[35m (117.2ms)[0m  [1m[36mcommit transaction[0m
  [1m[36mActiveRecord::InternalMetadata Load (0.3ms)[0m  [1m[34mSELECT  "ar_internal_metadata".* FROM "ar_internal_metadata" WHERE "ar_internal_metadata"."key" = ? LIMIT ?[0m  [["key", :environment], ["LIMIT", 1]]
  [1m[35m (0.1ms)[0m  [1m[36mbegin transaction[0m
  [1m[35m (0.2ms)[0m  [1m[36mcommit transaction[0m
  [1m[36mActiveRecord::SchemaMigration Load (0.2ms)[0m  [1m[34mSELECT "schema_migrations".* FROM "schema_migrations"[0m
  [1m[35m (0.3ms)[0m  [1m[34m            SELECT sql
            FROM sqlite_master
            WHERE name='index_schedules_on_restaurant_id' AND type='index'
            UNION ALL
            SELECT sql
            FROM sqlite_temp_master
            WHERE name='index_schedules_on_restaurant_id' AND type='index'
[0m
  [1m[35m (0.2ms)[0m  [1m[34m            SELECT sql
            FROM sqlite_master
            WHERE name='index_tables_on_restaurant_id' AND type='index'
            UNION ALL
            SELECT sql
            FROM sqlite_temp_master
            WHERE name='index_tables_on_restaurant_id' AND type='index'
[0m
  [1m[36mActiveRecord::SchemaMigration Load (0.3ms)[0m  [1m[34mSELECT "schema_migrations".* FROM "schema_migrations"[0m
Migrating to CreateReservations (20170325234110)
  [1m[35m (0.1ms)[0m  [1m[36mbegin transaction[0m
  [1m[35m (2.3ms)[0m  [1m[35mCREATE TABLE "reservations" ("id" INTEGER PRIMARY KEY AUTOINCREMENT NOT NULL, "restaurant_id" integer NOT NULL, "table_id" integer NOT NULL, "user_id" integer NOT NULL, "date" date NOT NULL, "time" varchar NOT NULL, "duration" varchar NOT NULL, "created_at" datetime NOT NULL, "updated_at" datetime NOT NULL)[0m
  [1m[35m (0.1ms)[0m  [1m[34mselect sqlite_version(*)[0m
  [1m[35m (0.4ms)[0m  [1m[35mCREATE  INDEX "index_reservations_on_restaurant_id" ON "reservations" ("restaurant_id")[0m
  [1m[35m (0.2ms)[0m  [1m[34m            SELECT sql
            FROM sqlite_master
            WHERE name='index_reservations_on_restaurant_id' AND type='index'
            UNION ALL
            SELECT sql
            FROM sqlite_temp_master
            WHERE name='index_reservations_on_restaurant_id' AND type='index'
[0m
  [1m[35m (0.3ms)[0m  [1m[35mCREATE  INDEX "index_reservations_on_table_id" ON "reservations" ("table_id")[0m
  [1m[35m (0.3ms)[0m  [1m[34m            SELECT sql
            FROM sqlite_master
            WHERE name='index_reservations_on_table_id' AND type='index'
            UNION ALL
            SELECT sql
            FROM sqlite_temp_master
            WHERE name='index_reservations_on_table_id' AND type='index'
[0m
  [1m[35m (0.2ms)[0m  [1m[34m            SELECT sql
            FROM sqlite_master
            WHERE name='index_reservations_on_restaurant_id' AND type='index'
            UNION ALL
            SELECT sql
            FROM sqlite_temp_master
            WHERE name='index_reservations_on_restaurant_id' AND type='index'
[0m
  [1m[35m (0.3ms)[0m  [1m[35mCREATE  INDEX "index_reservations_on_user_id" ON "reservations" ("user_id")[0m
  [1m[35mSQL (0.4ms)[0m  [1m[32mINSERT INTO "schema_migrations" ("version") VALUES (?)[0m  [["version", "20170325234110"]]
  [1m[35m (111.0ms)[0m  [1m[36mcommit transaction[0m
  [1m[36mActiveRecord::InternalMetadata Load (0.3ms)[0m  [1m[34mSELECT  "ar_internal_metadata".* FROM "ar_internal_metadata" WHERE "ar_internal_metadata"."key" = ? LIMIT ?[0m  [["key", :environment], ["LIMIT", 1]]
  [1m[35m (0.1ms)[0m  [1m[36mbegin transaction[0m
  [1m[35m (0.2ms)[0m  [1m[36mcommit transaction[0m
  [1m[36mActiveRecord::SchemaMigration Load (0.2ms)[0m  [1m[34mSELECT "schema_migrations".* FROM "schema_migrations"[0m
  [1m[35m (0.2ms)[0m  [1m[34m            SELECT sql
            FROM sqlite_master
            WHERE name='index_reservations_on_user_id' AND type='index'
            UNION ALL
            SELECT sql
            FROM sqlite_temp_master
            WHERE name='index_reservations_on_user_id' AND type='index'
[0m
  [1m[35m (0.3ms)[0m  [1m[34m            SELECT sql
            FROM sqlite_master
            WHERE name='index_reservations_on_table_id' AND type='index'
            UNION ALL
            SELECT sql
            FROM sqlite_temp_master
            WHERE name='index_reservations_on_table_id' AND type='index'
[0m
  [1m[35m (0.2ms)[0m  [1m[34m            SELECT sql
            FROM sqlite_master
            WHERE name='index_reservations_on_restaurant_id' AND type='index'
            UNION ALL
            SELECT sql
            FROM sqlite_temp_master
            WHERE name='index_reservations_on_restaurant_id' AND type='index'
[0m
  [1m[35m (0.2ms)[0m  [1m[34m            SELECT sql
            FROM sqlite_master
            WHERE name='index_schedules_on_restaurant_id' AND type='index'
            UNION ALL
            SELECT sql
            FROM sqlite_temp_master
            WHERE name='index_schedules_on_restaurant_id' AND type='index'
[0m
  [1m[35m (0.2ms)[0m  [1m[34m            SELECT sql
            FROM sqlite_master
            WHERE name='index_tables_on_restaurant_id' AND type='index'
            UNION ALL
            SELECT sql
            FROM sqlite_temp_master
            WHERE name='index_tables_on_restaurant_id' AND type='index'
[0m
  [1m[36mRestaurant Load (2.6ms)[0m  [1m[34mSELECT "restaurants".* FROM "restaurants"[0m
  [1m[35m (0.2ms)[0m  [1m[36mbegin transaction[0m
  [1m[35mSQL (2.6ms)[0m  [1m[32mINSERT INTO "restaurants" ("name", "created_at", "updated_at") VALUES (?, ?, ?)[0m  [["name", "Mafia"], ["created_at", 2017-03-26 00:09:54 UTC], ["updated_at", 2017-03-26 00:09:54 UTC]]
  [1m[35m (69.7ms)[0m  [1m[36mcommit transaction[0m
  [1m[36mRestaurant Load (0.3ms)[0m  [1m[34mSELECT  "restaurants".* FROM "restaurants" ORDER BY "restaurants"."id" DESC LIMIT ?[0m  [["LIMIT", 1]]
  [1m[35m (0.1ms)[0m  [1m[36mbegin transaction[0m
  [1m[35mSQL (1.7ms)[0m  [1m[32mINSERT INTO "schedules" ("restaurant_id", "day", "time_from", "time_till", "created_at", "updated_at") VALUES (?, ?, ?, ?, ?, ?)[0m  [["restaurant_id", 1], ["day", "Fri, Sat"], ["time_from", "10:00"], ["time_till", "03.00"], ["created_at", 2017-03-26 00:11:29 UTC], ["updated_at", 2017-03-26 00:11:29 UTC]]
  [1m[35m (84.6ms)[0m  [1m[36mcommit transaction[0m
  [1m[36mSchedule Load (1.0ms)[0m  [1m[34mSELECT "schedules".* FROM "schedules" WHERE "schedules"."restaurant_id" = ? AND (dat LIKE '%Fri%')[0m  [["restaurant_id", 1]]
  [1m[36mSchedule Load (0.3ms)[0m  [1m[34mSELECT "schedules".* FROM "schedules" WHERE "schedules"."restaurant_id" = ?[0m  [["restaurant_id", 1]]
  [1m[36mSchedule Load (1.4ms)[0m  [1m[34mSELECT "schedules".* FROM "schedules" WHERE "schedules"."restaurant_id" = ? AND (dat LIKE '%Fri%')[0m  [["restaurant_id", 1]]
  [1m[36mRestaurant Load (0.3ms)[0m  [1m[34mSELECT  "restaurants".* FROM "restaurants" ORDER BY "restaurants"."id" DESC LIMIT ?[0m  [["LIMIT", 1]]
  [1m[36mRestaurant Load (0.3ms)[0m  [1m[34mSELECT  "restaurants".* FROM "restaurants" ORDER BY "restaurants"."id" DESC LIMIT ?[0m  [["LIMIT", 1]]
  [1m[36mSchedule Load (0.3ms)[0m  [1m[34mSELECT "schedules".* FROM "schedules" WHERE "schedules"."restaurant_id" = ?[0m  [["restaurant_id", 1]]
  [1m[36mRestaurant Load (0.4ms)[0m  [1m[34mSELECT  "restaurants".* FROM "restaurants" ORDER BY "restaurants"."id" DESC LIMIT ?[0m  [["LIMIT", 1]]
  [1m[36mSchedule Load (0.3ms)[0m  [1m[34mSELECT "schedules".* FROM "schedules" WHERE "schedules"."restaurant_id" = ? AND (day LIKE '%Fri%')[0m  [["restaurant_id", 1]]
  [1m[36mRestaurant Load (0.2ms)[0m  [1m[34mSELECT  "restaurants".* FROM "restaurants" ORDER BY "restaurants"."id" DESC LIMIT ?[0m  [["LIMIT", 1]]
  [1m[36mSchedule Load (0.3ms)[0m  [1m[34mSELECT "schedules".* FROM "schedules" WHERE "schedules"."restaurant_id" = ? AND (day LIKE '%Sun%')[0m  [["restaurant_id", 1]]
  [1m[36mRestaurant Load (0.2ms)[0m  [1m[34mSELECT  "restaurants".* FROM "restaurants" ORDER BY "restaurants"."id" DESC LIMIT ?[0m  [["LIMIT", 1]]
  [1m[36mSchedule Load (0.4ms)[0m  [1m[34mSELECT "schedules".* FROM "schedules" WHERE "schedules"."restaurant_id" = ? AND (day LIKE '%Fri%')[0m  [["restaurant_id", 1]]
  [1m[36mRestaurant Load (0.3ms)[0m  [1m[34mSELECT  "restaurants".* FROM "restaurants" ORDER BY "restaurants"."id" DESC LIMIT ?[0m  [["LIMIT", 1]]
  [1m[36mSchedule Load (0.4ms)[0m  [1m[34mSELECT "schedules".* FROM "schedules" WHERE "schedules"."restaurant_id" = ? AND (day LIKE '%Fri%')[0m  [["restaurant_id", 1]]
  [1m[36mRestaurant Load (0.3ms)[0m  [1m[34mSELECT  "restaurants".* FROM "restaurants" ORDER BY "restaurants"."id" DESC LIMIT ?[0m  [["LIMIT", 1]]
  [1m[36mSchedule Load (0.5ms)[0m  [1m[34mSELECT "schedules".* FROM "schedules" WHERE "schedules"."restaurant_id" = ? AND (day LIKE '%Fri%')[0m  [["restaurant_id", 1]]
  [1m[36mRestaurant Load (0.3ms)[0m  [1m[34mSELECT  "restaurants".* FROM "restaurants" ORDER BY "restaurants"."id" DESC LIMIT ?[0m  [["LIMIT", 1]]
  [1m[36mSchedule Load (0.4ms)[0m  [1m[34mSELECT  "schedules".* FROM "schedules" WHERE "schedules"."restaurant_id" = ? AND (day LIKE '%Fri%') ORDER BY "schedules"."id" DESC LIMIT ?[0m  [["restaurant_id", 1], ["LIMIT", 1]]
  [1m[36mRestaurant Load (0.3ms)[0m  [1m[34mSELECT  "restaurants".* FROM "restaurants" ORDER BY "restaurants"."id" DESC LIMIT ?[0m  [["LIMIT", 1]]
  [1m[36mSchedule Load (0.3ms)[0m  [1m[34mSELECT  "schedules".* FROM "schedules" WHERE "schedules"."restaurant_id" = ? AND (day LIKE '%Sun%') ORDER BY "schedules"."id" DESC LIMIT ?[0m  [["restaurant_id", 1], ["LIMIT", 1]]
  [1m[36mRestaurant Load (0.3ms)[0m  [1m[34mSELECT  "restaurants".* FROM "restaurants" ORDER BY "restaurants"."id" DESC LIMIT ?[0m  [["LIMIT", 1]]
  [1m[36mSchedule Load (0.3ms)[0m  [1m[34mSELECT  "schedules".* FROM "schedules" WHERE "schedules"."restaurant_id" = ? AND (day LIKE '%Fri%') ORDER BY "schedules"."id" DESC LIMIT ?[0m  [["restaurant_id", 1], ["LIMIT", 1]]
  [1m[36mRestaurant Load (0.3ms)[0m  [1m[34mSELECT  "restaurants".* FROM "restaurants" ORDER BY "restaurants"."id" DESC LIMIT ?[0m  [["LIMIT", 1]]
  [1m[36mSchedule Load (0.3ms)[0m  [1m[34mSELECT  "schedules".* FROM "schedules" WHERE "schedules"."restaurant_id" = ? AND (day LIKE '%Fri%') ORDER BY "schedules"."id" DESC LIMIT ?[0m  [["restaurant_id", 1], ["LIMIT", 1]]
  [1m[36mRestaurant Load (0.3ms)[0m  [1m[34mSELECT  "restaurants".* FROM "restaurants" ORDER BY "restaurants"."id" DESC LIMIT ?[0m  [["LIMIT", 1]]
  [1m[36mSchedule Load (0.4ms)[0m  [1m[34mSELECT  "schedules".* FROM "schedules" WHERE "schedules"."restaurant_id" = ? AND (day LIKE '%Fri%') ORDER BY "schedules"."id" DESC LIMIT ?[0m  [["restaurant_id", 1], ["LIMIT", 1]]
  [1m[36mRestaurant Load (0.3ms)[0m  [1m[34mSELECT  "restaurants".* FROM "restaurants" ORDER BY "restaurants"."id" DESC LIMIT ?[0m  [["LIMIT", 1]]
  [1m[36mSchedule Load (0.4ms)[0m  [1m[34mSELECT  "schedules".* FROM "schedules" WHERE "schedules"."restaurant_id" = ? AND (day LIKE '%Fri%') ORDER BY "schedules"."id" DESC LIMIT ?[0m  [["restaurant_id", 1], ["LIMIT", 1]]
  [1m[36mRestaurant Load (0.2ms)[0m  [1m[34mSELECT  "restaurants".* FROM "restaurants" ORDER BY "restaurants"."id" DESC LIMIT ?[0m  [["LIMIT", 1]]
  [1m[35m (0.1ms)[0m  [1m[36mbegin transaction[0m
  [1m[35mSQL (1.0ms)[0m  [1m[32mINSERT INTO "tables" ("name", "restaurant_id", "created_at", "updated_at") VALUES (?, ?, ?, ?)[0m  [["name", "VIP1"], ["restaurant_id", 1], ["created_at", 2017-03-26 00:25:02 UTC], ["updated_at", 2017-03-26 00:25:02 UTC]]
  [1m[35m (60.5ms)[0m  [1m[36mcommit transaction[0m
  [1m[36mRestaurant Load (0.2ms)[0m  [1m[34mSELECT  "restaurants".* FROM "restaurants" ORDER BY "restaurants"."id" DESC LIMIT ?[0m  [["LIMIT", 1]]
  [1m[36mTable Load (0.3ms)[0m  [1m[34mSELECT "tables".* FROM "tables" WHERE "tables"."restaurant_id" = ?[0m  [["restaurant_id", 1]]
  [1m[36mUser Load (0.3ms)[0m  [1m[34mSELECT "users".* FROM "users"[0m
  [1m[35m (0.1ms)[0m  [1m[36mbegin transaction[0m
  [1m[35mSQL (0.4ms)[0m  [1m[32mINSERT INTO "users" ("name", "created_at", "updated_at") VALUES (?, ?, ?)[0m  [["name", "Vitalii"], ["created_at", 2017-03-26 00:25:32 UTC], ["updated_at", 2017-03-26 00:25:32 UTC]]
  [1m[35m (71.6ms)[0m  [1m[36mcommit transaction[0m
  [1m[36mReservation Load (0.4ms)[0m  [1m[34mSELECT "reservations".* FROM "reservations"[0m
  [1m[35m (0.1ms)[0m  [1m[36mbegin transaction[0m
  [1m[36mRestaurant Load (0.3ms)[0m  [1m[34mSELECT  "restaurants".* FROM "restaurants" WHERE "restaurants"."id" = ? LIMIT ?[0m  [["id", 1], ["LIMIT", 1]]
  [1m[36mTable Load (0.2ms)[0m  [1m[34mSELECT  "tables".* FROM "tables" WHERE "tables"."id" = ? LIMIT ?[0m  [["id", 1], ["LIMIT", 1]]
  [1m[36mUser Load (0.3ms)[0m  [1m[34mSELECT  "users".* FROM "users" WHERE "users"."id" = ? LIMIT ?[0m  [["id", 1], ["LIMIT", 1]]
  [1m[35m (0.1ms)[0m  [1m[31mrollback transaction[0m
  [1m[35m (0.1ms)[0m  [1m[36mbegin transaction[0m
  [1m[36mRestaurant Load (0.2ms)[0m  [1m[34mSELECT  "restaurants".* FROM "restaurants" WHERE "restaurants"."id" = ? LIMIT ?[0m  [["id", 1], ["LIMIT", 1]]
  [1m[36mTable Load (0.1ms)[0m  [1m[34mSELECT  "tables".* FROM "tables" WHERE "tables"."id" = ? LIMIT ?[0m  [["id", 1], ["LIMIT", 1]]
  [1m[36mUser Load (0.1ms)[0m  [1m[34mSELECT  "users".* FROM "users" WHERE "users"."id" = ? LIMIT ?[0m  [["id", 1], ["LIMIT", 1]]
  [1m[35mSQL (2.5ms)[0m  [1m[32mINSERT INTO "reservations" ("restaurant_id", "table_id", "user_id", "date", "time", "duration", "created_at", "updated_at") VALUES (?, ?, ?, ?, ?, ?, ?, ?)[0m  [["restaurant_id", 1], ["table_id", 1], ["user_id", 1], ["date", Fri, 31 Mar 2017], ["time", "19:00"], ["duration", "90"], ["created_at", 2017-03-26 00:33:11 UTC], ["updated_at", 2017-03-26 00:33:11 UTC]]
  [1m[35m (88.9ms)[0m  [1m[36mcommit transaction[0m
  [1m[36mReservation Load (0.2ms)[0m  [1m[34mSELECT "reservations".* FROM "reservations"[0m
  [1m[36mTable Load (0.4ms)[0m  [1m[34mSELECT  "tables".* FROM "tables" ORDER BY "tables"."id" ASC LIMIT ?[0m  [["LIMIT", 1]]
  [1m[36mTable Load (0.2ms)[0m  [1m[34mSELECT  "tables".* FROM "tables" ORDER BY "tables"."id" ASC LIMIT ?[0m  [["LIMIT", 1]]
  [1m[36mRestaurant Load (0.3ms)[0m  [1m[34mSELECT  "restaurants".* FROM "restaurants" WHERE "restaurants"."id" = ? LIMIT ?[0m  [["id", 1], ["LIMIT", 1]]
  [1m[36mSchedule Load (0.4ms)[0m  [1m[34mSELECT  "schedules".* FROM "schedules" WHERE "schedules"."restaurant_id" = ? AND (day LIKE '%Fri%') ORDER BY "schedules"."id" DESC LIMIT ?[0m  [["restaurant_id", 1], ["LIMIT", 1]]
  [1m[36mTable Load (0.2ms)[0m  [1m[34mSELECT  "tables".* FROM "tables" ORDER BY "tables"."id" ASC LIMIT ?[0m  [["LIMIT", 1]]
  [1m[36mRestaurant Load (0.2ms)[0m  [1m[34mSELECT  "restaurants".* FROM "restaurants" WHERE "restaurants"."id" = ? LIMIT ?[0m  [["id", 1], ["LIMIT", 1]]
  [1m[36mSchedule Load (0.3ms)[0m  [1m[34mSELECT  "schedules".* FROM "schedules" WHERE "schedules"."restaurant_id" = ? AND (day LIKE '%Thu%') ORDER BY "schedules"."id" DESC LIMIT ?[0m  [["restaurant_id", 1], ["LIMIT", 1]]
  [1m[36mTable Load (0.3ms)[0m  [1m[34mSELECT  "tables".* FROM "tables" ORDER BY "tables"."id" ASC LIMIT ?[0m  [["LIMIT", 1]]
  [1m[36mReservation Load (0.3ms)[0m  [1m[34mSELECT "reservations".* FROM "reservations" WHERE "reservations"."table_id" = ?[0m  [["table_id", 1]]
  [1m[36mTable Load (0.4ms)[0m  [1m[34mSELECT  "tables".* FROM "tables" ORDER BY "tables"."id" ASC LIMIT ?[0m  [["LIMIT", 1]]
  [1m[36mRestaurant Load (0.4ms)[0m  [1m[34mSELECT  "restaurants".* FROM "restaurants" WHERE "restaurants"."id" = ? LIMIT ?[0m  [["id", 1], ["LIMIT", 1]]
  [1m[36mSchedule Load (0.3ms)[0m  [1m[34mSELECT  "schedules".* FROM "schedules" WHERE "schedules"."restaurant_id" = ? AND (day LIKE '%Fri%') ORDER BY "schedules"."id" DESC LIMIT ?[0m  [["restaurant_id", 1], ["LIMIT", 1]]
  [1m[36mReservation Load (0.4ms)[0m  [1m[34mSELECT "reservations".* FROM "reservations" WHERE "reservations"."table_id" = ? AND "reservations"."date" = ?[0m  [["table_id", 1], ["date", Fri, 31 Mar 2017]]
  [1m[36mTable Load (0.3ms)[0m  [1m[34mSELECT  "tables".* FROM "tables" ORDER BY "tables"."id" ASC LIMIT ?[0m  [["LIMIT", 1]]
  [1m[36mRestaurant Load (0.3ms)[0m  [1m[34mSELECT  "restaurants".* FROM "restaurants" WHERE "restaurants"."id" = ? LIMIT ?[0m  [["id", 1], ["LIMIT", 1]]
  [1m[36mSchedule Load (0.3ms)[0m  [1m[34mSELECT  "schedules".* FROM "schedules" WHERE "schedules"."restaurant_id" = ? AND (day LIKE '%Fri%') ORDER BY "schedules"."id" DESC LIMIT ?[0m  [["restaurant_id", 1], ["LIMIT", 1]]
  [1m[36mReservation Load (0.4ms)[0m  [1m[34mSELECT "reservations".* FROM "reservations" WHERE "reservations"."table_id" = ? AND "reservations"."date" = ?[0m  [["table_id", 1], ["date", Fri, 31 Mar 2017]]
  [1m[36mTable Load (0.3ms)[0m  [1m[34mSELECT  "tables".* FROM "tables" ORDER BY "tables"."id" ASC LIMIT ?[0m  [["LIMIT", 1]]
  [1m[36mRestaurant Load (0.3ms)[0m  [1m[34mSELECT  "restaurants".* FROM "restaurants" WHERE "restaurants"."id" = ? LIMIT ?[0m  [["id", 1], ["LIMIT", 1]]
  [1m[36mSchedule Load (0.4ms)[0m  [1m[34mSELECT  "schedules".* FROM "schedules" WHERE "schedules"."restaurant_id" = ? AND (day LIKE '%Fri%') ORDER BY "schedules"."id" DESC LIMIT ?[0m  [["restaurant_id", 1], ["LIMIT", 1]]
  [1m[36mReservation Load (0.3ms)[0m  [1m[34mSELECT "reservations".* FROM "reservations" WHERE "reservations"."table_id" = ? AND "reservations"."date" = ?[0m  [["table_id", 1], ["date", Fri, 31 Mar 2017]]
